c:\users\1601296\documents\github\myproject\アクションゲーム\スケルトン\debug\vc141.pdb
c:\users\1601296\documents\github\myproject\アクションゲーム\スケルトン\debug\vc141.idb
c:\users\1601296\documents\github\myproject\アクションゲーム\スケルトン\debug\titlescene.obj
c:\users\1601296\documents\github\myproject\アクションゲーム\スケルトン\debug\stage.obj
c:\users\1601296\documents\github\myproject\アクションゲーム\スケルトン\debug\scene.obj
c:\users\1601296\documents\github\myproject\アクションゲーム\スケルトン\debug\player.obj
c:\users\1601296\documents\github\myproject\アクションゲーム\スケルトン\debug\main.obj
c:\users\1601296\documents\github\myproject\アクションゲーム\スケルトン\debug\load.obj
c:\users\1601296\documents\github\myproject\アクションゲーム\スケルトン\debug\keyinput.obj
c:\users\1601296\documents\github\myproject\アクションゲーム\スケルトン\debug\hud.obj
c:\users\1601296\documents\github\myproject\アクションゲーム\スケルトン\debug\ground.obj
c:\users\1601296\documents\github\myproject\アクションゲーム\スケルトン\debug\gameoverscene.obj
c:\users\1601296\documents\github\myproject\アクションゲーム\スケルトン\debug\game.obj
c:\users\1601296\documents\github\myproject\アクションゲーム\スケルトン\debug\enemymanager.obj
c:\users\1601296\documents\github\myproject\アクションゲーム\スケルトン\debug\deadman.obj
c:\users\1601296\documents\github\myproject\アクションゲーム\スケルトン\debug\countinuescene.obj
c:\users\1601296\documents\github\myproject\アクションゲーム\スケルトン\debug\collision.obj
c:\users\1601296\documents\github\myproject\アクションゲーム\スケルトン\debug\charactorobject.obj
c:\users\1601296\documents\github\myproject\アクションゲーム\スケルトン\debug\camera.obj
c:\users\1601296\documents\github\myproject\アクションゲーム\スケルトン\debug\bat.obj
c:\users\1601296\documents\github\myproject\アクションゲーム\スケルトン\debug\background.obj
c:\users\1601296\documents\github\myproject\アクションゲーム\スケルトン\debug\gameplayingscene.obj
c:\users\1601296\documents\github\myproject\アクションゲーム\debug\スケルトン.exe
c:\users\1601296\documents\github\myproject\アクションゲーム\debug\スケルトン.ilk
c:\users\1601296\documents\github\myproject\アクションゲーム\debug\スケルトン.pdb
c:\users\1601296\documents\github\myproject\アクションゲーム\スケルトン\debug\resource.res
c:\users\1601296\documents\github\myproject\アクションゲーム\スケルトン\debug\スケルトン.tlog\cl.command.1.tlog
c:\users\1601296\documents\github\myproject\アクションゲーム\スケルトン\debug\スケルトン.tlog\cl.read.1.tlog
c:\users\1601296\documents\github\myproject\アクションゲーム\スケルトン\debug\スケルトン.tlog\cl.write.1.tlog
c:\users\1601296\documents\github\myproject\アクションゲーム\スケルトン\debug\スケルトン.tlog\link.command.1.tlog
c:\users\1601296\documents\github\myproject\アクションゲーム\スケルトン\debug\スケルトン.tlog\link.read.1.tlog
c:\users\1601296\documents\github\myproject\アクションゲーム\スケルトン\debug\スケルトン.tlog\link.write.1.tlog
c:\users\1601296\documents\github\myproject\アクションゲーム\スケルトン\debug\スケルトン.tlog\rc.command.1.tlog
c:\users\1601296\documents\github\myproject\アクションゲーム\スケルトン\debug\スケルトン.tlog\rc.read.1.tlog
c:\users\1601296\documents\github\myproject\アクションゲーム\スケルトン\debug\スケルトン.tlog\rc.write.1.tlog
